-------------------------
DigitalWatch Scanning log
Build - v2
-------------------------

Starting Scan Thread...
Looking on pid 0x0000 for tableId 0x00
  Got IMpeg2Stream
  Supplied data buffer
  Event or timeout triggered  1
  pid 0x00 tid 0x00 tableIdExt 0x0001, 0/0 (version 0)
    PAT
      Transport Stream Id 0x0001
        Found service id 0x0001 with PMT 0x1010
        Found service id 0x0002 with PMT 0x1030
    Done all sections for this table
Looking on pid 0x1010 for tableId 0x02
  Got IMpeg2Stream
  Supplied data buffer
  Event or timeout triggered  1
  pid 0x1010 tid 0x02 tableIdExt 0x0001, 0/0 (version 0)
    PMT
      serviceId 0x0001, transportStreamId=0x0001
        PCR         : PID 0x0111
        H264 VIDEO       : PID 0x0111
    Done all sections for this table
Looking on pid 0x1030 for tableId 0x02
  Got IMpeg2Stream
  Supplied data buffer
  Event or timeout triggered  1
  pid 0x1030 tid 0x02 tableIdExt 0x0002, 0/0 (version 0)
    PMT
      serviceId 0x0002, transportStreamId=0x0001
        PCR         : PID 0x0131
        H264 VIDEO       : PID 0x0131
    Done all sections for this table
Looking on pid 0x0010 for tableId 0x40
  Got IMpeg2Stream
  Supplied data buffer
  Event or timeout triggered  258
  Timeout getting table (pid=16, tableId=64
Looking on pid 0x0011 for tableId 0x42
  Got IMpeg2Stream
  Supplied data buffer
  Event or timeout triggered  1
  pid 0x11 tid 0x42 tableIdExt 0x0001, 0/0 (version 0)
    SDT (actual TS)
      TransportStreamId 0x0001, OriginalNetworkId 0x0001
      0x0001 0x0001: pmt_pid 0x1010 FFmpeg -- HD-177MHz (running)
      0x0001 0x0002: pmt_pid 0x1030 FFmpeg -- SD-177MHz (running)
    Done all sections for this table
Buffer Logging now completed
